[17:17:22] [main/INFO]: Environment: authHost='https://authserver.mojang.com', accountsHost='https://api.mojang.com', sessionHost='https://sessionserver.mojang.com', name='PROD'
[17:17:22] [main/INFO]: Reloading ResourceManager: Default, bukkit
[17:17:23] [Worker-Main-12/INFO]: Loaded 7 recipes
[17:17:25] [Server thread/INFO]: Starting minecraft server version 1.16.3
[17:17:25] [Server thread/INFO]: Loading properties
[17:17:26] [Server thread/INFO]: This server is running CraftBukkit version git-Spigot-2740d5a-890130b (MC: 1.16.3) (Implementing API version 1.16.3-R0.1-SNAPSHOT)
[17:17:26] [Server thread/INFO]: Debug logging is disabled
[17:17:26] [Server thread/INFO]: Server Ping Player Sample Count: 12
[17:17:26] [Server thread/INFO]: Using 4 threads for Netty based IO
[17:17:26] [Server thread/INFO]: Default game type: SURVIVAL
[17:17:26] [Server thread/INFO]: Generating keypair
[17:17:26] [Server thread/INFO]: Starting Minecraft server on *:25565
[17:17:26] [Server thread/INFO]: Using default channel type
[17:17:28] [Server thread/ERROR]: Could not load 'plugins\RankGrantPlus-3.8.0.jar' in folder 'plugins'
org.bukkit.plugin.UnknownDependencyException: Unknown dependency Vault. Please download and install Vault to run this plugin.
	at org.bukkit.plugin.SimplePluginManager.loadPlugins(SimplePluginManager.java:269) ~[spigot-1.16.3.jar:git-Spigot-2740d5a-890130b]
	at org.bukkit.craftbukkit.v1_16_R2.CraftServer.loadPlugins(CraftServer.java:383) ~[spigot-1.16.3.jar:git-Spigot-2740d5a-890130b]
	at net.minecraft.server.v1_16_R2.DedicatedServer.init(DedicatedServer.java:183) ~[spigot-1.16.3.jar:git-Spigot-2740d5a-890130b]
	at net.minecraft.server.v1_16_R2.MinecraftServer.w(MinecraftServer.java:808) ~[spigot-1.16.3.jar:git-Spigot-2740d5a-890130b]
	at net.minecraft.server.v1_16_R2.MinecraftServer.lambda$0(MinecraftServer.java:164) ~[spigot-1.16.3.jar:git-Spigot-2740d5a-890130b]
	at java.lang.Thread.run(Unknown Source) [?:1.8.0_221]
[17:17:28] [Server thread/WARN]: Initializing Legacy Material Support. Unless you have legacy plugins and/or data this is a bug!
[17:17:33] [Server thread/WARN]: Legacy plugin TwitchSync v1.4.2 does not specify an api-version.
[17:17:33] [Server thread/WARN]: Legacy plugin FastLogin v1.10-git484855724b794de1fe057cf7360245362658b432 does not specify an api-version.
[17:17:33] [Server thread/INFO]: [LuckPerms] Loading LuckPerms v5.1.93
[17:17:33] [Server thread/INFO]: [SkinsRestorer] Loading SkinsRestorer v13.8.4
[17:17:33] [Server thread/INFO]: [WorldEdit] Loading WorldEdit v7.2.0+a51fa43
[17:17:34] [Server thread/INFO]: Got request to register class com.sk89q.worldedit.bukkit.BukkitServerInterface with WorldEdit [com.sk89q.worldedit.extension.platform.PlatformManager@1e00a10]
[17:17:34] [Server thread/INFO]: [ViaVersion] Loading ViaVersion v3.2.0
[17:17:34] [Server thread/INFO]: [ViaVersion] ViaVersion 3.2.0 is now loaded, injecting!
[17:17:34] [Via-Mappingloader-1/INFO]: [ViaVersion] Loading 1.13 -> 1.13.2 mappings...
[17:17:34] [Via-Mappingloader-0/INFO]: [ViaVersion] Loading 1.12 -> 1.13 mappings...
[17:17:34] [Via-Mappingloader-2/INFO]: [ViaVersion] Loading 1.13.2 -> 1.14 mappings...
[17:17:34] [Via-Mappingloader-3/INFO]: [ViaVersion] Loading 1.14 -> 1.15 mappings...
[17:17:34] [Via-Mappingloader-5/INFO]: [ViaVersion] Loading 1.16 -> 1.16.2 mappings...
[17:17:34] [Via-Mappingloader-4/INFO]: [ViaVersion] Loading 1.15 -> 1.16 mappings...
[17:17:34] [Server thread/INFO]: [TwitchSync] Loading TwitchSync v1.4.2
[17:17:34] [Server thread/INFO]: [ProtocolLib] Loading ProtocolLib v4.5.1
[17:17:34] [Via-Mappingloader-0/INFO]: [ViaVersion] Loading block connection mappings ...
[17:17:34] [Server thread/WARN]: [ProtocolLib] Version (MC: 1.16.3) has not yet been tested! Proceed with caution.
[17:17:35] [Server thread/INFO]: [WorldGuard] Loading WorldGuard v7.0.4+f7ff984
[17:17:35] [Server thread/INFO]: [FastLogin] Loading FastLogin v1.10-git484855724b794de1fe057cf7360245362658b432
[17:17:35] [Server thread/INFO]: [LuckPerms] Enabling LuckPerms v5.1.93
[17:17:35] [Server thread/INFO]: [0;36;1m       [0;36;22m __    [m
[17:17:35] [Server thread/INFO]: [0;36;1m  |    [0;36;22m|__)   [0;32;22mLuckPerms [0;36;1mv5.1.93[m
[17:17:35] [Server thread/INFO]: [0;36;1m  |___ [0;36;22m|      [0;30;1mRunning on Bukkit - CraftBukkit[m
[17:17:35] [Server thread/INFO]: [m
[17:17:35] [Server thread/INFO]: [LuckPerms] Loading configuration...
[17:17:35] [Server thread/INFO]: [LuckPerms] Loading storage provider... [H2]
[17:17:36] [Server thread/INFO]: [LuckPerms] Loading internal permission managers...
[17:17:36] [Server thread/INFO]: [LuckPerms] Performing initial data load...
[17:17:36] [Server thread/INFO]: [LuckPerms] Successfully enabled. (took 1311ms)
[17:17:36] [Server thread/INFO]: [WorldEdit] Enabling WorldEdit v7.2.0+a51fa43
[17:17:36] [Server thread/INFO]: WEPIF: Using the Bukkit Permissions API.
[17:17:37] [Server thread/INFO]: Using com.sk89q.worldedit.bukkit.adapter.impl.Spigot_v1_16_R2 as the Bukkit adapter
[17:17:38] [Server thread/WARN]: [WorldEdit] ====================================================
[17:17:38] [Server thread/WARN]: [WorldEdit]  WorldEdit works better if you use Paper 
[17:17:38] [Server thread/WARN]: [WorldEdit]  as your server software. 
[17:17:38] [Server thread/WARN]: [WorldEdit]   
[17:17:38] [Server thread/WARN]: [WorldEdit]  Paper offers significant performance improvements,
[17:17:38] [Server thread/WARN]: [WorldEdit]  bug fixes, security enhancements and optional
[17:17:38] [Server thread/WARN]: [WorldEdit]  features for server owners to enhance their server.
[17:17:38] [Server thread/WARN]: [WorldEdit]   
[17:17:38] [Server thread/WARN]: [WorldEdit]  Paper includes Timings v2, which is significantly
[17:17:38] [Server thread/WARN]: [WorldEdit]  better at diagnosing lag problems over v1.
[17:17:38] [Server thread/WARN]: [WorldEdit]   
[17:17:38] [Server thread/WARN]: [WorldEdit]  All of your plugins should still work, and the
[17:17:38] [Server thread/WARN]: [WorldEdit]  Paper community will gladly help you fix any issues.
[17:17:38] [Server thread/WARN]: [WorldEdit]   
[17:17:38] [Server thread/WARN]: [WorldEdit]  Join the Paper Community @ https://papermc.io
[17:17:38] [Server thread/WARN]: [WorldEdit] ====================================================
[17:17:38] [Server thread/INFO]: [ProtocolLib] Enabling ProtocolLib v4.5.1
[17:17:38] [Server thread/INFO]: [ProtocolLib] Started structure compiler thread.
[17:17:38] [Server thread/INFO]: [FastLogin] Enabling FastLogin v1.10-git484855724b794de1fe057cf7360245362658b432
[17:17:38] [Server thread/ERROR]: [FastLogin] Server have to be in offline mode
[17:17:38] [Server thread/INFO]: Preparing level "world"
[17:17:38] [Server thread/INFO]: -------- World Settings For [world] --------
[17:17:38] [Server thread/INFO]: Allow Zombie Pigmen to spawn from portal blocks: true
[17:17:38] [Server thread/INFO]: Entity Tracking Range: Pl 48 / An 48 / Mo 48 / Mi 32 / Other 64
[17:17:38] [Server thread/INFO]: Item Despawn Rate: 6000
[17:17:38] [Server thread/INFO]: Item Merge Radius: 2.5
[17:17:38] [Server thread/INFO]: View Distance: 10
[17:17:38] [Server thread/INFO]: Zombie Aggressive Towards Villager: true
[17:17:38] [Server thread/INFO]: Arrow Despawn Rate: 1200 Trident Respawn Rate:1200
[17:17:38] [Server thread/INFO]: Nerfing mobs spawned from spawners: false
[17:17:38] [Server thread/INFO]: Custom Map Seeds:  Village: 10387312 Desert: 14357617 Igloo: 14357618 Jungle: 14357619 Swamp: 14357620 Monument: 10387313 Ocean: 14357621 Shipwreck: 165745295 End City: 10387313 Slime: 987234911 Bastion: 30084232 Fortress: 30084232 Mansion: 10387319 Fossil: 14357921 Portal: 34222645
[17:17:38] [Server thread/INFO]: Mob Spawn Range: 6
[17:17:38] [Server thread/INFO]: Cactus Growth Modifier: 100%
[17:17:38] [Server thread/INFO]: Cane Growth Modifier: 100%
[17:17:38] [Server thread/INFO]: Melon Growth Modifier: 100%
[17:17:38] [Server thread/INFO]: Mushroom Growth Modifier: 100%
[17:17:38] [Server thread/INFO]: Pumpkin Growth Modifier: 100%
[17:17:38] [Server thread/INFO]: Sapling Growth Modifier: 100%
[17:17:38] [Server thread/INFO]: Beetroot Growth Modifier: 100%
[17:17:38] [Server thread/INFO]: Carrot Growth Modifier: 100%
[17:17:38] [Server thread/INFO]: Potato Growth Modifier: 100%
[17:17:38] [Server thread/INFO]: Wheat Growth Modifier: 100%
[17:17:38] [Server thread/INFO]: NetherWart Growth Modifier: 100%
[17:17:38] [Server thread/INFO]: Vine Growth Modifier: 100%
[17:17:38] [Server thread/INFO]: Cocoa Growth Modifier: 100%
[17:17:38] [Server thread/INFO]: Bamboo Growth Modifier: 100%
[17:17:38] [Server thread/INFO]: SweetBerry Growth Modifier: 100%
[17:17:38] [Server thread/INFO]: Kelp Growth Modifier: 100%
[17:17:38] [Server thread/INFO]: Entity Activation Range: An 32 / Mo 32 / Ra 48 / Mi 16 / Tiv true
[17:17:38] [Server thread/INFO]: Max TNT Explosions: 100
[17:17:38] [Server thread/INFO]: Tile Max Tick Time: 50ms Entity max Tick Time: 50ms
[17:17:38] [Server thread/INFO]: Experience Merge Radius: 3.0
[17:17:38] [Server thread/INFO]: Hopper Transfer: 8 Hopper Check: 1 Hopper Amount: 1
[17:17:38] [Server thread/INFO]: Registering commands with com.sk89q.worldedit.bukkit.BukkitServerInterface
[17:17:38] [Server thread/INFO]: -------- World Settings For [world_nether] --------
[17:17:38] [Server thread/INFO]: Allow Zombie Pigmen to spawn from portal blocks: true
[17:17:38] [Server thread/INFO]: Entity Tracking Range: Pl 48 / An 48 / Mo 48 / Mi 32 / Other 64
[17:17:38] [Server thread/INFO]: Item Despawn Rate: 6000
[17:17:38] [Server thread/INFO]: Item Merge Radius: 2.5
[17:17:38] [Server thread/INFO]: View Distance: 10
[17:17:38] [Server thread/INFO]: Zombie Aggressive Towards Villager: true
[17:17:38] [Server thread/INFO]: Arrow Despawn Rate: 1200 Trident Respawn Rate:1200
[17:17:38] [Server thread/INFO]: Nerfing mobs spawned from spawners: false
[17:17:38] [Server thread/INFO]: Custom Map Seeds:  Village: 10387312 Desert: 14357617 Igloo: 14357618 Jungle: 14357619 Swamp: 14357620 Monument: 10387313 Ocean: 14357621 Shipwreck: 165745295 End City: 10387313 Slime: 987234911 Bastion: 30084232 Fortress: 30084232 Mansion: 10387319 Fossil: 14357921 Portal: 34222645
[17:17:38] [Server thread/INFO]: Mob Spawn Range: 6
[17:17:38] [Server thread/INFO]: Cactus Growth Modifier: 100%
[17:17:38] [Server thread/INFO]: Cane Growth Modifier: 100%
[17:17:38] [Server thread/INFO]: Melon Growth Modifier: 100%
[17:17:38] [Server thread/INFO]: Mushroom Growth Modifier: 100%
[17:17:38] [Server thread/INFO]: Pumpkin Growth Modifier: 100%
[17:17:38] [Server thread/INFO]: Sapling Growth Modifier: 100%
[17:17:38] [Server thread/INFO]: Beetroot Growth Modifier: 100%
[17:17:38] [Server thread/INFO]: Carrot Growth Modifier: 100%
[17:17:38] [Server thread/INFO]: Potato Growth Modifier: 100%
[17:17:38] [Server thread/INFO]: Wheat Growth Modifier: 100%
[17:17:38] [Server thread/INFO]: NetherWart Growth Modifier: 100%
[17:17:38] [Server thread/INFO]: Vine Growth Modifier: 100%
[17:17:38] [Server thread/INFO]: Cocoa Growth Modifier: 100%
[17:17:38] [Server thread/INFO]: Bamboo Growth Modifier: 100%
[17:17:38] [Server thread/INFO]: SweetBerry Growth Modifier: 100%
[17:17:38] [Server thread/INFO]: Kelp Growth Modifier: 100%
[17:17:38] [Server thread/INFO]: Entity Activation Range: An 32 / Mo 32 / Ra 48 / Mi 16 / Tiv true
[17:17:38] [Server thread/INFO]: Max TNT Explosions: 100
[17:17:38] [Server thread/INFO]: Tile Max Tick Time: 50ms Entity max Tick Time: 50ms
[17:17:38] [Server thread/INFO]: Experience Merge Radius: 3.0
[17:17:38] [Server thread/INFO]: Hopper Transfer: 8 Hopper Check: 1 Hopper Amount: 1
[17:17:38] [Server thread/INFO]: -------- World Settings For [world_the_end] --------
[17:17:38] [Server thread/INFO]: Allow Zombie Pigmen to spawn from portal blocks: true
[17:17:38] [Server thread/INFO]: Entity Tracking Range: Pl 48 / An 48 / Mo 48 / Mi 32 / Other 64
[17:17:38] [Server thread/INFO]: Item Despawn Rate: 6000
[17:17:38] [Server thread/INFO]: Item Merge Radius: 2.5
[17:17:38] [Server thread/INFO]: View Distance: 10
[17:17:38] [Server thread/INFO]: Zombie Aggressive Towards Villager: true
[17:17:38] [Server thread/INFO]: Arrow Despawn Rate: 1200 Trident Respawn Rate:1200
[17:17:38] [Server thread/INFO]: Nerfing mobs spawned from spawners: false
[17:17:38] [Server thread/INFO]: Custom Map Seeds:  Village: 10387312 Desert: 14357617 Igloo: 14357618 Jungle: 14357619 Swamp: 14357620 Monument: 10387313 Ocean: 14357621 Shipwreck: 165745295 End City: 10387313 Slime: 987234911 Bastion: 30084232 Fortress: 30084232 Mansion: 10387319 Fossil: 14357921 Portal: 34222645
[17:17:38] [Server thread/INFO]: Mob Spawn Range: 6
[17:17:38] [Server thread/INFO]: Cactus Growth Modifier: 100%
[17:17:38] [Server thread/INFO]: Cane Growth Modifier: 100%
[17:17:38] [Server thread/INFO]: Melon Growth Modifier: 100%
[17:17:38] [Server thread/INFO]: Mushroom Growth Modifier: 100%
[17:17:38] [Server thread/INFO]: Pumpkin Growth Modifier: 100%
[17:17:38] [Server thread/INFO]: Sapling Growth Modifier: 100%
[17:17:38] [Server thread/INFO]: Beetroot Growth Modifier: 100%
[17:17:38] [Server thread/INFO]: Carrot Growth Modifier: 100%
[17:17:38] [Server thread/INFO]: Potato Growth Modifier: 100%
[17:17:38] [Server thread/INFO]: Wheat Growth Modifier: 100%
[17:17:38] [Server thread/INFO]: NetherWart Growth Modifier: 100%
[17:17:38] [Server thread/INFO]: Vine Growth Modifier: 100%
[17:17:38] [Server thread/INFO]: Cocoa Growth Modifier: 100%
[17:17:38] [Server thread/INFO]: Bamboo Growth Modifier: 100%
[17:17:38] [Server thread/INFO]: SweetBerry Growth Modifier: 100%
[17:17:38] [Server thread/INFO]: Kelp Growth Modifier: 100%
[17:17:38] [Server thread/INFO]: Entity Activation Range: An 32 / Mo 32 / Ra 48 / Mi 16 / Tiv true
[17:17:38] [Server thread/INFO]: Max TNT Explosions: 100
[17:17:38] [Server thread/INFO]: Tile Max Tick Time: 50ms Entity max Tick Time: 50ms
[17:17:38] [Server thread/INFO]: Experience Merge Radius: 3.0
[17:17:38] [Server thread/INFO]: Hopper Transfer: 8 Hopper Check: 1 Hopper Amount: 1
[17:17:38] [Server thread/INFO]: Preparing start region for dimension minecraft:overworld
[17:17:40] [Server thread/INFO]: Preparing spawn area: 0%
[17:17:40] [Server thread/INFO]: Preparing spawn area: 0%
[17:17:40] [Server thread/INFO]: Preparing spawn area: 0%
[17:17:40] [Server thread/INFO]: Preparing spawn area: 0%
[17:17:41] [Server thread/INFO]: Preparing spawn area: 0%
[17:17:41] [Server thread/INFO]: Preparing spawn area: 0%
[17:17:47] [Worker-Main-16/INFO]: Preparing spawn area: 83%
[17:17:47] [Worker-Main-17/INFO]: Preparing spawn area: 83%
[17:17:47] [Worker-Main-10/INFO]: Preparing spawn area: 83%
[17:17:47] [Worker-Main-10/INFO]: Preparing spawn area: 83%
[17:17:47] [Worker-Main-15/INFO]: Preparing spawn area: 83%
[17:17:47] [Worker-Main-15/INFO]: Preparing spawn area: 83%
[17:17:47] [Worker-Main-15/INFO]: Preparing spawn area: 83%
[17:17:47] [Worker-Main-15/INFO]: Preparing spawn area: 83%
[17:17:47] [Worker-Main-15/INFO]: Preparing spawn area: 83%
[17:17:47] [Worker-Main-15/INFO]: Preparing spawn area: 83%
[17:17:47] [Worker-Main-15/INFO]: Preparing spawn area: 83%
[17:17:47] [Worker-Main-15/INFO]: Preparing spawn area: 83%
[17:17:47] [Worker-Main-15/INFO]: Preparing spawn area: 83%
[17:17:48] [Worker-Main-16/INFO]: Preparing spawn area: 91%
[17:17:48] [Worker-Main-11/INFO]: Preparing spawn area: 91%
[17:17:49] [Worker-Main-11/INFO]: Preparing spawn area: 91%
[17:17:49] [Worker-Main-9/INFO]: Preparing spawn area: 91%
[17:17:50] [Server thread/INFO]: Preparing spawn area: 95%
[17:17:50] [Server thread/INFO]: Time elapsed: 11707 ms
[17:17:50] [Server thread/INFO]: Preparing start region for dimension minecraft:the_nether
[17:17:51] [Server thread/INFO]: Preparing spawn area: 0%
[17:17:51] [Server thread/INFO]: Preparing spawn area: 0%
[17:17:51] [Worker-Main-16/INFO]: Preparing spawn area: 83%
[17:17:52] [Worker-Main-8/INFO]: Preparing spawn area: 83%
[17:17:52] [Worker-Main-15/INFO]: Preparing spawn area: 84%
[17:17:53] [Worker-Main-9/INFO]: Preparing spawn area: 89%
[17:17:53] [Worker-Main-10/INFO]: Preparing spawn area: 96%
[17:17:53] [Server thread/INFO]: Time elapsed: 3221 ms
[17:17:53] [Server thread/INFO]: Preparing start region for dimension minecraft:the_end
[17:17:54] [Server thread/INFO]: Preparing spawn area: 0%
[17:17:54] [Worker-Main-8/INFO]: Preparing spawn area: 83%
[17:17:54] [Server thread/INFO]: Time elapsed: 750 ms
[17:17:54] [Server thread/INFO]: [SkinsRestorer] Enabling SkinsRestorer v13.8.4
[17:17:54] [Server thread/INFO]: [SkinsRestorer] INFO: Unsupported plugin (ViaVersion) detected, forcing OldSkinRefresher
[17:17:54] [Server thread/INFO]: [SkinsRestorer] Using SpigotSkinRefresher
[17:17:54] [Server thread/INFO]: [0;33;1m[[0;32;22mSkinsRestorer[0;33;1m] [0;32;1mDetected Minecraft [0;33;1mv1_16_R2[0;32;1m, using [0;33;1mUniversalSkinFactory[0;32;1m.[m
[17:17:55] [Server thread/INFO]: [ViaVersion] Enabling ViaVersion v3.2.0
[17:17:55] [Server thread/INFO]: [TwitchSync] Enabling TwitchSync v1.4.2
[17:17:55] [Server thread/INFO]: [WorldGuard] Enabling WorldGuard v7.0.4+f7ff984
[17:17:55] [Server thread/INFO]: [WorldGuard] (world) TNT ignition is PERMITTED.
[17:17:55] [Server thread/INFO]: [WorldGuard] (world) Lighters are PERMITTED.
[17:17:55] [Server thread/INFO]: [WorldGuard] (world) Lava fire is PERMITTED.
[17:17:55] [Server thread/INFO]: [WorldGuard] (world) Fire spread is UNRESTRICTED.
[17:17:55] [Server thread/INFO]: [WorldGuard] Loaded configuration for world 'world'
[17:17:55] [Server thread/INFO]: [WorldGuard] (world_nether) TNT ignition is PERMITTED.
[17:17:55] [Server thread/INFO]: [WorldGuard] (world_nether) Lighters are PERMITTED.
[17:17:55] [Server thread/INFO]: [WorldGuard] (world_nether) Lava fire is PERMITTED.
[17:17:55] [Server thread/INFO]: [WorldGuard] (world_nether) Fire spread is UNRESTRICTED.
[17:17:55] [Server thread/INFO]: [WorldGuard] Loaded configuration for world 'world_nether'
[17:17:55] [Server thread/INFO]: [WorldGuard] (world_the_end) TNT ignition is PERMITTED.
[17:17:55] [Server thread/INFO]: [WorldGuard] (world_the_end) Lighters are PERMITTED.
[17:17:55] [Server thread/INFO]: [WorldGuard] (world_the_end) Lava fire is PERMITTED.
[17:17:55] [Server thread/INFO]: [WorldGuard] (world_the_end) Fire spread is UNRESTRICTED.
[17:17:55] [Server thread/INFO]: [WorldGuard] Loaded configuration for world 'world_the_end'
[17:17:55] [Server thread/INFO]: [WorldGuard] Loading region data...
[17:17:55] [ForkJoinPool.commonPool-worker-1/ERROR]: [TwitchSync] No channels found
[17:17:55] [Server thread/INFO]: Server permissions file permissions.yml is empty, ignoring it
[17:17:56] [Server thread/INFO]: Done (17.862s)! For help, type "help"
[17:17:56] [Server thread/INFO]: [ViaVersion] ViaVersion detected server version: 1.16.3(753)
[17:17:56] [Server thread/INFO]: [ViaVersion] Shutting down mapping loader executor!
[17:17:56] [Craft Scheduler Thread - 0/INFO]: [0;33;1m[[0;32;22mSkinsRestorer[0;33;1m] [0;32;1m----------------------------------------------[m
[17:17:56] [Craft Scheduler Thread - 0/INFO]: [0;33;1m[[0;32;22mSkinsRestorer[0;33;1m] [0;32;1m    +===============+[m
[17:17:56] [Craft Scheduler Thread - 0/INFO]: [0;33;1m[[0;32;22mSkinsRestorer[0;33;1m] [0;32;1m    | SkinsRestorer |[m
[17:17:56] [Craft Scheduler Thread - 0/INFO]: [0;33;1m[[0;32;22mSkinsRestorer[0;33;1m] [0;32;1m    |---------------|[m
[17:17:56] [Craft Scheduler Thread - 0/INFO]: [0;33;1m[[0;32;22mSkinsRestorer[0;33;1m] [0;32;1m    |  [0;34;1m[4m[21mBukkit only[0;32;1m  |[m
[17:17:56] [Craft Scheduler Thread - 0/INFO]: [0;33;1m[[0;32;22mSkinsRestorer[0;33;1m] [0;32;1m    +===============+[m
[17:17:56] [Craft Scheduler Thread - 0/INFO]: [0;33;1m[[0;32;22mSkinsRestorer[0;33;1m] [0;32;1m----------------------------------------------[m
[17:17:56] [Craft Scheduler Thread - 0/INFO]: [0;33;1m[[0;32;22mSkinsRestorer[0;33;1m] [0;36;1m    Current version: [0;32;1m13.8.4[m
[17:17:56] [Craft Scheduler Thread - 0/INFO]: [0;33;1m[[0;32;22mSkinsRestorer[0;33;1m] [0;32;1m    This is the latest version![m
[17:17:56] [Craft Scheduler Thread - 0/INFO]: [0;33;1m[[0;32;22mSkinsRestorer[0;33;1m] [0;32;1m----------------------------------------------[m
[17:19:20] [User Authenticator #1/INFO]: UUID of player Y0N4N is 701744b1-7351-4be9-ba4c-4f601cd86a26
[17:19:20] [Server thread/INFO]: Y0N4N[/127.0.0.1:64437] logged in with entity id 246 at ([world]221.70758255530714, 66.0, 77.5089856217234)
[17:19:31] [Server thread/INFO]: Y0N4N issued server command: /plugins
[17:22:51] [Server thread/INFO]: Y0N4N issued server command: /reload
[17:22:51] [Server thread/INFO]: Y0N4N: [0;31;1mPlease note that this command is not supported and may cause issues when using some plugins.[m
[17:22:51] [Server thread/INFO]: Y0N4N: [0;31;1mIf you encounter any issues please use the /stop command to restart your server.[m
[17:22:51] [Server thread/INFO]: Debug logging is disabled
[17:22:51] [Server thread/INFO]: Server Ping Player Sample Count: 12
[17:22:51] [Server thread/INFO]: Using 4 threads for Netty based IO
[17:22:51] [Server thread/INFO]: -------- World Settings For [world] --------
[17:22:51] [Server thread/INFO]: Allow Zombie Pigmen to spawn from portal blocks: true
[17:22:51] [Server thread/INFO]: Entity Tracking Range: Pl 48 / An 48 / Mo 48 / Mi 32 / Other 64
[17:22:51] [Server thread/INFO]: Item Despawn Rate: 6000
[17:22:51] [Server thread/INFO]: Item Merge Radius: 2.5
[17:22:51] [Server thread/INFO]: View Distance: 10
[17:22:51] [Server thread/INFO]: Zombie Aggressive Towards Villager: true
[17:22:51] [Server thread/INFO]: Arrow Despawn Rate: 1200 Trident Respawn Rate:1200
[17:22:51] [Server thread/INFO]: Nerfing mobs spawned from spawners: false
[17:22:51] [Server thread/INFO]: Custom Map Seeds:  Village: 10387312 Desert: 14357617 Igloo: 14357618 Jungle: 14357619 Swamp: 14357620 Monument: 10387313 Ocean: 14357621 Shipwreck: 165745295 End City: 10387313 Slime: 987234911 Bastion: 30084232 Fortress: 30084232 Mansion: 10387319 Fossil: 14357921 Portal: 34222645
[17:22:51] [Server thread/INFO]: Mob Spawn Range: 6
[17:22:51] [Server thread/INFO]: Cactus Growth Modifier: 100%
[17:22:51] [Server thread/INFO]: Cane Growth Modifier: 100%
[17:22:51] [Server thread/INFO]: Melon Growth Modifier: 100%
[17:22:51] [Server thread/INFO]: Mushroom Growth Modifier: 100%
[17:22:51] [Server thread/INFO]: Pumpkin Growth Modifier: 100%
[17:22:51] [Server thread/INFO]: Sapling Growth Modifier: 100%
[17:22:51] [Server thread/INFO]: Beetroot Growth Modifier: 100%
[17:22:51] [Server thread/INFO]: Carrot Growth Modifier: 100%
[17:22:51] [Server thread/INFO]: Potato Growth Modifier: 100%
[17:22:51] [Server thread/INFO]: Wheat Growth Modifier: 100%
[17:22:51] [Server thread/INFO]: NetherWart Growth Modifier: 100%
[17:22:51] [Server thread/INFO]: Vine Growth Modifier: 100%
[17:22:51] [Server thread/INFO]: Cocoa Growth Modifier: 100%
[17:22:51] [Server thread/INFO]: Bamboo Growth Modifier: 100%
[17:22:51] [Server thread/INFO]: SweetBerry Growth Modifier: 100%
[17:22:51] [Server thread/INFO]: Kelp Growth Modifier: 100%
[17:22:51] [Server thread/INFO]: Entity Activation Range: An 32 / Mo 32 / Ra 48 / Mi 16 / Tiv true
[17:22:51] [Server thread/INFO]: Max TNT Explosions: 100
[17:22:51] [Server thread/INFO]: Tile Max Tick Time: 50ms Entity max Tick Time: 50ms
[17:22:51] [Server thread/INFO]: Experience Merge Radius: 3.0
[17:22:51] [Server thread/INFO]: Hopper Transfer: 8 Hopper Check: 1 Hopper Amount: 1
[17:22:51] [Server thread/INFO]: -------- World Settings For [world_nether] --------
[17:22:51] [Server thread/INFO]: Allow Zombie Pigmen to spawn from portal blocks: true
[17:22:51] [Server thread/INFO]: Entity Tracking Range: Pl 48 / An 48 / Mo 48 / Mi 32 / Other 64
[17:22:51] [Server thread/INFO]: Item Despawn Rate: 6000
[17:22:51] [Server thread/INFO]: Item Merge Radius: 2.5
[17:22:51] [Server thread/INFO]: View Distance: 10
[17:22:51] [Server thread/INFO]: Zombie Aggressive Towards Villager: true
[17:22:51] [Server thread/INFO]: Arrow Despawn Rate: 1200 Trident Respawn Rate:1200
[17:22:51] [Server thread/INFO]: Nerfing mobs spawned from spawners: false
[17:22:51] [Server thread/INFO]: Custom Map Seeds:  Village: 10387312 Desert: 14357617 Igloo: 14357618 Jungle: 14357619 Swamp: 14357620 Monument: 10387313 Ocean: 14357621 Shipwreck: 165745295 End City: 10387313 Slime: 987234911 Bastion: 30084232 Fortress: 30084232 Mansion: 10387319 Fossil: 14357921 Portal: 34222645
[17:22:51] [Server thread/INFO]: Mob Spawn Range: 6
[17:22:51] [Server thread/INFO]: Cactus Growth Modifier: 100%
[17:22:51] [Server thread/INFO]: Cane Growth Modifier: 100%
[17:22:51] [Server thread/INFO]: Melon Growth Modifier: 100%
[17:22:51] [Server thread/INFO]: Mushroom Growth Modifier: 100%
[17:22:51] [Server thread/INFO]: Pumpkin Growth Modifier: 100%
[17:22:51] [Server thread/INFO]: Sapling Growth Modifier: 100%
[17:22:51] [Server thread/INFO]: Beetroot Growth Modifier: 100%
[17:22:51] [Server thread/INFO]: Carrot Growth Modifier: 100%
[17:22:51] [Server thread/INFO]: Potato Growth Modifier: 100%
[17:22:51] [Server thread/INFO]: Wheat Growth Modifier: 100%
[17:22:51] [Server thread/INFO]: NetherWart Growth Modifier: 100%
[17:22:51] [Server thread/INFO]: Vine Growth Modifier: 100%
[17:22:51] [Server thread/INFO]: Cocoa Growth Modifier: 100%
[17:22:51] [Server thread/INFO]: Bamboo Growth Modifier: 100%
[17:22:51] [Server thread/INFO]: SweetBerry Growth Modifier: 100%
[17:22:51] [Server thread/INFO]: Kelp Growth Modifier: 100%
[17:22:51] [Server thread/INFO]: Entity Activation Range: An 32 / Mo 32 / Ra 48 / Mi 16 / Tiv true
[17:22:51] [Server thread/INFO]: Max TNT Explosions: 100
[17:22:51] [Server thread/INFO]: Tile Max Tick Time: 50ms Entity max Tick Time: 50ms
[17:22:51] [Server thread/INFO]: Experience Merge Radius: 3.0
[17:22:51] [Server thread/INFO]: Hopper Transfer: 8 Hopper Check: 1 Hopper Amount: 1
[17:22:51] [Server thread/INFO]: -------- World Settings For [world_the_end] --------
[17:22:51] [Server thread/INFO]: Allow Zombie Pigmen to spawn from portal blocks: true
[17:22:51] [Server thread/INFO]: Entity Tracking Range: Pl 48 / An 48 / Mo 48 / Mi 32 / Other 64
[17:22:51] [Server thread/INFO]: Item Despawn Rate: 6000
[17:22:51] [Server thread/INFO]: Item Merge Radius: 2.5
[17:22:51] [Server thread/INFO]: View Distance: 10
[17:22:51] [Server thread/INFO]: Zombie Aggressive Towards Villager: true
[17:22:51] [Server thread/INFO]: Arrow Despawn Rate: 1200 Trident Respawn Rate:1200
[17:22:51] [Server thread/INFO]: Nerfing mobs spawned from spawners: false
[17:22:51] [Server thread/INFO]: Custom Map Seeds:  Village: 10387312 Desert: 14357617 Igloo: 14357618 Jungle: 14357619 Swamp: 14357620 Monument: 10387313 Ocean: 14357621 Shipwreck: 165745295 End City: 10387313 Slime: 987234911 Bastion: 30084232 Fortress: 30084232 Mansion: 10387319 Fossil: 14357921 Portal: 34222645
[17:22:51] [Server thread/INFO]: Mob Spawn Range: 6
[17:22:51] [Server thread/INFO]: Cactus Growth Modifier: 100%
[17:22:51] [Server thread/INFO]: Cane Growth Modifier: 100%
[17:22:51] [Server thread/INFO]: Melon Growth Modifier: 100%
[17:22:51] [Server thread/INFO]: Mushroom Growth Modifier: 100%
[17:22:51] [Server thread/INFO]: Pumpkin Growth Modifier: 100%
[17:22:51] [Server thread/INFO]: Sapling Growth Modifier: 100%
[17:22:51] [Server thread/INFO]: Beetroot Growth Modifier: 100%
[17:22:51] [Server thread/INFO]: Carrot Growth Modifier: 100%
[17:22:51] [Server thread/INFO]: Potato Growth Modifier: 100%
[17:22:51] [Server thread/INFO]: Wheat Growth Modifier: 100%
[17:22:51] [Server thread/INFO]: NetherWart Growth Modifier: 100%
[17:22:51] [Server thread/INFO]: Vine Growth Modifier: 100%
[17:22:51] [Server thread/INFO]: Cocoa Growth Modifier: 100%
[17:22:51] [Server thread/INFO]: Bamboo Growth Modifier: 100%
[17:22:51] [Server thread/INFO]: SweetBerry Growth Modifier: 100%
[17:22:51] [Server thread/INFO]: Kelp Growth Modifier: 100%
[17:22:51] [Server thread/INFO]: Entity Activation Range: An 32 / Mo 32 / Ra 48 / Mi 16 / Tiv true
[17:22:51] [Server thread/INFO]: Max TNT Explosions: 100
[17:22:51] [Server thread/INFO]: Tile Max Tick Time: 50ms Entity max Tick Time: 50ms
[17:22:51] [Server thread/INFO]: Experience Merge Radius: 3.0
[17:22:51] [Server thread/INFO]: Hopper Transfer: 8 Hopper Check: 1 Hopper Amount: 1
[17:22:51] [Server thread/INFO]: [WorldGuard] Disabling WorldGuard v7.0.4+f7ff984
[17:22:51] [Server thread/INFO]: [WorldGuard] Shutting down executor and cancelling any pending tasks...
[17:22:51] [Server thread/INFO]: [ProtocolLib] Disabling ProtocolLib v4.5.1
[17:22:51] [Server thread/INFO]: [TwitchSync] Disabling TwitchSync v1.4.2
[17:22:51] [Server thread/INFO]: [ViaVersion] Disabling ViaVersion v3.2.0
[17:22:51] [Server thread/INFO]: [ViaVersion] ViaVersion is disabling, if this is a reload and you experience issues consider rebooting.
[17:22:51] [Server thread/INFO]: [WorldEdit] Disabling WorldEdit v7.2.0+a51fa43
[17:22:51] [Server thread/INFO]: Unregistering com.sk89q.worldedit.bukkit.BukkitServerInterface from WorldEdit
[17:22:51] [Server thread/INFO]: [SkinsRestorer] Disabling SkinsRestorer v13.8.4
[17:22:51] [Server thread/INFO]: [LuckPerms] Disabling LuckPerms v5.1.93
[17:22:51] [Server thread/INFO]: [LuckPerms] Starting shutdown process...
[17:22:51] [Server thread/INFO]: [LuckPerms] Closing storage...
[17:22:51] [Server thread/INFO]: [LuckPerms] Goodbye!
[17:22:51] [Server thread/INFO]: Reloading ResourceManager: Default, bukkit
[17:22:51] [Server thread/INFO]: Loaded 7 recipes
[17:22:52] [Server thread/INFO]: Reloading ResourceManager: Default, bukkit
[17:22:52] [Server thread/INFO]: Loaded 7 recipes
[17:22:53] [Server thread/ERROR]: Could not load 'plugins\RankGrantPlus-3.8.0.jar' in folder 'plugins'
org.bukkit.plugin.UnknownDependencyException: Unknown dependency Vault. Please download and install Vault to run this plugin.
	at org.bukkit.plugin.SimplePluginManager.loadPlugins(SimplePluginManager.java:269) ~[spigot-1.16.3.jar:git-Spigot-2740d5a-890130b]
	at org.bukkit.craftbukkit.v1_16_R2.CraftServer.loadPlugins(CraftServer.java:383) ~[spigot-1.16.3.jar:git-Spigot-2740d5a-890130b]
	at org.bukkit.craftbukkit.v1_16_R2.CraftServer.reload(CraftServer.java:874) ~[spigot-1.16.3.jar:git-Spigot-2740d5a-890130b]
	at org.bukkit.Bukkit.reload(Bukkit.java:642) ~[spigot-1.16.3.jar:git-Spigot-2740d5a-890130b]
	at org.bukkit.command.defaults.ReloadCommand.execute(ReloadCommand.java:27) ~[spigot-1.16.3.jar:git-Spigot-2740d5a-890130b]
	at org.bukkit.command.SimpleCommandMap.dispatch(SimpleCommandMap.java:149) ~[spigot-1.16.3.jar:git-Spigot-2740d5a-890130b]
	at org.bukkit.craftbukkit.v1_16_R2.CraftServer.dispatchCommand(CraftServer.java:758) ~[spigot-1.16.3.jar:git-Spigot-2740d5a-890130b]
	at net.minecraft.server.v1_16_R2.PlayerConnection.handleCommand(PlayerConnection.java:1697) ~[spigot-1.16.3.jar:git-Spigot-2740d5a-890130b]
	at net.minecraft.server.v1_16_R2.PlayerConnection.a(PlayerConnection.java:1540) ~[spigot-1.16.3.jar:git-Spigot-2740d5a-890130b]
	at net.minecraft.server.v1_16_R2.PacketPlayInChat.a(PacketPlayInChat.java:47) ~[spigot-1.16.3.jar:git-Spigot-2740d5a-890130b]
	at net.minecraft.server.v1_16_R2.PacketPlayInChat.a(PacketPlayInChat.java:1) ~[spigot-1.16.3.jar:git-Spigot-2740d5a-890130b]
	at net.minecraft.server.v1_16_R2.PlayerConnectionUtils.lambda$0(PlayerConnectionUtils.java:19) ~[spigot-1.16.3.jar:git-Spigot-2740d5a-890130b]
	at net.minecraft.server.v1_16_R2.TickTask.run(SourceFile:18) ~[spigot-1.16.3.jar:git-Spigot-2740d5a-890130b]
	at net.minecraft.server.v1_16_R2.IAsyncTaskHandler.executeTask(SourceFile:144) ~[spigot-1.16.3.jar:git-Spigot-2740d5a-890130b]
	at net.minecraft.server.v1_16_R2.IAsyncTaskHandlerReentrant.executeTask(SourceFile:23) ~[spigot-1.16.3.jar:git-Spigot-2740d5a-890130b]
	at net.minecraft.server.v1_16_R2.IAsyncTaskHandler.executeNext(SourceFile:118) ~[spigot-1.16.3.jar:git-Spigot-2740d5a-890130b]
	at net.minecraft.server.v1_16_R2.MinecraftServer.ba(MinecraftServer.java:941) ~[spigot-1.16.3.jar:git-Spigot-2740d5a-890130b]
	at net.minecraft.server.v1_16_R2.MinecraftServer.executeNext(MinecraftServer.java:934) ~[spigot-1.16.3.jar:git-Spigot-2740d5a-890130b]
	at net.minecraft.server.v1_16_R2.IAsyncTaskHandler.awaitTasks(SourceFile:127) ~[spigot-1.16.3.jar:git-Spigot-2740d5a-890130b]
	at net.minecraft.server.v1_16_R2.MinecraftServer.sleepForTick(MinecraftServer.java:918) ~[spigot-1.16.3.jar:git-Spigot-2740d5a-890130b]
	at net.minecraft.server.v1_16_R2.MinecraftServer.w(MinecraftServer.java:850) ~[spigot-1.16.3.jar:git-Spigot-2740d5a-890130b]
	at net.minecraft.server.v1_16_R2.MinecraftServer.lambda$0(MinecraftServer.java:164) ~[spigot-1.16.3.jar:git-Spigot-2740d5a-890130b]
	at java.lang.Thread.run(Unknown Source) [?:1.8.0_221]
[17:22:53] [Server thread/WARN]: Legacy plugin TwitchSync v1.4.2 does not specify an api-version.
[17:22:53] [Server thread/WARN]: Legacy plugin UltraAuth v2.1.2 does not specify an api-version.
[17:22:53] [Server thread/WARN]: Legacy plugin FastLogin v1.10-git484855724b794de1fe057cf7360245362658b432 does not specify an api-version.
[17:22:53] [Server thread/INFO]: [LuckPerms] Loading LuckPerms v5.1.93
[17:22:53] [Server thread/INFO]: [SkinsRestorer] Loading SkinsRestorer v13.8.4
[17:22:53] [Server thread/INFO]: [WorldEdit] Loading WorldEdit v7.2.0+a51fa43
[17:22:54] [Server thread/INFO]: Got request to register class com.sk89q.worldedit.bukkit.BukkitServerInterface with WorldEdit [com.sk89q.worldedit.extension.platform.PlatformManager@150a86]
[17:22:54] [Server thread/INFO]: [ViaVersion] Loading ViaVersion v3.2.0
[17:22:54] [Server thread/INFO]: [ViaVersion] ViaVersion 3.2.0 is now loaded, injecting!
[17:22:54] [Server thread/ERROR]: [ViaVersion] ViaVersion is already loaded, we're going to kick all the players... because otherwise we'll crash because of ProtocolLib.
[17:22:54] [Server thread/INFO]: Y0N4N lost connection: Server reload, please rejoin!
[17:22:54] [Server thread/INFO]: Y0N4N left the game
[17:22:54] [Via-Mappingloader-0/INFO]: [ViaVersion] Loading 1.12 -> 1.13 mappings...
[17:22:54] [Via-Mappingloader-1/INFO]: [ViaVersion] Loading 1.13 -> 1.13.2 mappings...
[17:22:54] [Via-Mappingloader-2/INFO]: [ViaVersion] Loading 1.13.2 -> 1.14 mappings...
[17:22:54] [Via-Mappingloader-3/INFO]: [ViaVersion] Loading 1.14 -> 1.15 mappings...
[17:22:54] [Via-Mappingloader-0/INFO]: [ViaVersion] Loading block connection mappings ...
[17:22:54] [Via-Mappingloader-4/INFO]: [ViaVersion] Loading 1.15 -> 1.16 mappings...
[17:22:54] [Via-Mappingloader-3/INFO]: [ViaVersion] Loading 1.16 -> 1.16.2 mappings...
[17:22:54] [Server thread/INFO]: [TwitchSync] Loading TwitchSync v1.4.2
[17:22:54] [Server thread/INFO]: [UltraAuth] Loading UltraAuth v2.1.2
[17:22:54] [Server thread/INFO]: [ProtocolLib] Loading ProtocolLib v4.5.1
[17:22:54] [Server thread/WARN]: [ProtocolLib] Version (MC: 1.16.3) has not yet been tested! Proceed with caution.
[17:22:54] [Server thread/INFO]: [WorldGuard] Loading WorldGuard v7.0.4+f7ff984
[17:22:54] [Server thread/INFO]: [FastLogin] Loading FastLogin v1.10-git484855724b794de1fe057cf7360245362658b432
[17:22:54] [Server thread/INFO]: [LuckPerms] Enabling LuckPerms v5.1.93
[17:22:54] [Server thread/INFO]: [0;36;1m       [0;36;22m __    [m
[17:22:54] [Server thread/INFO]: [0;36;1m  |    [0;36;22m|__)   [0;32;22mLuckPerms [0;36;1mv5.1.93[m
[17:22:54] [Server thread/INFO]: [0;36;1m  |___ [0;36;22m|      [0;30;1mRunning on Bukkit - CraftBukkit[m
[17:22:54] [Server thread/INFO]: [m
[17:22:54] [Server thread/INFO]: [LuckPerms] Loading configuration...
[17:22:54] [Server thread/INFO]: [LuckPerms] Loading storage provider... [H2]
[17:22:54] [Server thread/INFO]: [LuckPerms] Loading internal permission managers...
[17:22:55] [Server thread/INFO]: [LuckPerms] Performing initial data load...
[17:22:55] [Server thread/INFO]: [LuckPerms] Successfully enabled. (took 629ms)
[17:22:55] [Server thread/INFO]: [WorldEdit] Enabling WorldEdit v7.2.0+a51fa43
[17:22:55] [Server thread/INFO]: WEPIF: Using the Bukkit Permissions API.
[17:22:55] [Server thread/WARN]: [WorldEdit] Server reload detected. This may cause various issues with WorldEdit and dependent plugins.
[17:22:55] [Server thread/INFO]: Using com.sk89q.worldedit.bukkit.adapter.impl.Spigot_v1_16_R2 as the Bukkit adapter
[17:22:55] [Server thread/INFO]: Registering commands with com.sk89q.worldedit.bukkit.BukkitServerInterface
[17:22:55] [Server thread/WARN]: [WorldEdit] ====================================================
[17:22:55] [Server thread/WARN]: [WorldEdit]  WorldEdit works better if you use Paper 
[17:22:55] [Server thread/WARN]: [WorldEdit]  as your server software. 
[17:22:55] [Server thread/WARN]: [WorldEdit] ====================================================
[17:22:55] [Server thread/INFO]: [ProtocolLib] Enabling ProtocolLib v4.5.1
[17:22:55] [Server thread/INFO]: [ProtocolLib] Started structure compiler thread.
[17:22:55] [Server thread/INFO]: [FastLogin] Enabling FastLogin v1.10-git484855724b794de1fe057cf7360245362658b432
[17:22:55] [Server thread/ERROR]: [FastLogin] Server have to be in offline mode
[17:22:55] [Server thread/INFO]: [SkinsRestorer] Enabling SkinsRestorer v13.8.4
[17:22:55] [Server thread/INFO]: [SkinsRestorer] INFO: Unsupported plugin (ViaVersion) detected, forcing OldSkinRefresher
[17:22:55] [Server thread/INFO]: [SkinsRestorer] Using SpigotSkinRefresher
[17:22:55] [Server thread/INFO]: [0;33;1m[[0;32;22mSkinsRestorer[0;33;1m] [0;32;1mDetected Minecraft [0;33;1mv1_16_R2[0;32;1m, using [0;33;1mUniversalSkinFactory[0;32;1m.[m
[17:22:56] [Server thread/INFO]: [ViaVersion] Enabling ViaVersion v3.2.0
[17:22:56] [Server thread/INFO]: [TwitchSync] Enabling TwitchSync v1.4.2
[17:22:56] [Server thread/INFO]: [UltraAuth] Enabling UltraAuth v2.1.2
[17:22:56] [Server thread/WARN]: java.io.IOException: Server returned HTTP response code: 403 for URL: http://dev.bukkit.org/bukkit-plugins/ultraauth-aa/files.rss
[17:22:56] [Server thread/WARN]: 	at sun.net.www.protocol.http.HttpURLConnection.getInputStream0(Unknown Source)
[17:22:56] [Server thread/WARN]: 	at sun.net.www.protocol.http.HttpURLConnection.getInputStream(Unknown Source)
[17:22:56] [Server thread/WARN]: 	at ultraauth.main.update.UpdateChecker.updateNeeded(UpdateChecker.java:34)
[17:22:56] [Server thread/WARN]: 	at ultraauth.main.Main.Updater(Main.java:136)
[17:22:56] [Server thread/WARN]: 	at ultraauth.main.Main.load(Main.java:57)
[17:22:56] [Server thread/WARN]: 	at ultraauth.main.Main.onEnable(Main.java:41)
[17:22:56] [Server thread/WARN]: 	at org.bukkit.plugin.java.JavaPlugin.setEnabled(JavaPlugin.java:263)
[17:22:56] [Server thread/WARN]: 	at org.bukkit.plugin.java.JavaPluginLoader.enablePlugin(JavaPluginLoader.java:351)
[17:22:56] [Server thread/WARN]: 	at org.bukkit.plugin.SimplePluginManager.enablePlugin(SimplePluginManager.java:480)
[17:22:56] [Server thread/WARN]: 	at org.bukkit.craftbukkit.v1_16_R2.CraftServer.enablePlugin(CraftServer.java:494)
[17:22:56] [Server thread/WARN]: 	at org.bukkit.craftbukkit.v1_16_R2.CraftServer.enablePlugins(CraftServer.java:408)
[17:22:56] [Server thread/WARN]: 	at org.bukkit.craftbukkit.v1_16_R2.CraftServer.reload(CraftServer.java:876)
[17:22:56] [Server thread/WARN]: 	at org.bukkit.Bukkit.reload(Bukkit.java:642)
[17:22:56] [Server thread/WARN]: 	at org.bukkit.command.defaults.ReloadCommand.execute(ReloadCommand.java:27)
[17:22:56] [Server thread/WARN]: 	at org.bukkit.command.SimpleCommandMap.dispatch(SimpleCommandMap.java:149)
[17:22:56] [Server thread/WARN]: 	at org.bukkit.craftbukkit.v1_16_R2.CraftServer.dispatchCommand(CraftServer.java:758)
[17:22:56] [Server thread/WARN]: 	at net.minecraft.server.v1_16_R2.PlayerConnection.handleCommand(PlayerConnection.java:1697)
[17:22:56] [Server thread/WARN]: 	at net.minecraft.server.v1_16_R2.PlayerConnection.a(PlayerConnection.java:1540)
[17:22:56] [Server thread/WARN]: 	at net.minecraft.server.v1_16_R2.PacketPlayInChat.a(PacketPlayInChat.java:47)
[17:22:56] [Server thread/WARN]: 	at net.minecraft.server.v1_16_R2.PacketPlayInChat.a(PacketPlayInChat.java:1)
[17:22:56] [Server thread/WARN]: 	at net.minecraft.server.v1_16_R2.PlayerConnectionUtils.lambda$0(PlayerConnectionUtils.java:19)
[17:22:56] [Server thread/WARN]: 	at net.minecraft.server.v1_16_R2.TickTask.run(SourceFile:18)
[17:22:56] [Server thread/WARN]: 	at net.minecraft.server.v1_16_R2.IAsyncTaskHandler.executeTask(SourceFile:144)
[17:22:56] [Server thread/WARN]: 	at net.minecraft.server.v1_16_R2.IAsyncTaskHandlerReentrant.executeTask(SourceFile:23)
[17:22:56] [Server thread/WARN]: 	at net.minecraft.server.v1_16_R2.IAsyncTaskHandler.executeNext(SourceFile:118)
[17:22:56] [Server thread/WARN]: 	at net.minecraft.server.v1_16_R2.MinecraftServer.ba(MinecraftServer.java:941)
[17:22:56] [Server thread/WARN]: 	at net.minecraft.server.v1_16_R2.MinecraftServer.executeNext(MinecraftServer.java:934)
[17:22:56] [Server thread/WARN]: 	at net.minecraft.server.v1_16_R2.IAsyncTaskHandler.awaitTasks(SourceFile:127)
[17:22:56] [Server thread/WARN]: 	at net.minecraft.server.v1_16_R2.MinecraftServer.sleepForTick(MinecraftServer.java:918)
[17:22:56] [Server thread/WARN]: 	at net.minecraft.server.v1_16_R2.MinecraftServer.w(MinecraftServer.java:850)
[17:22:56] [Server thread/WARN]: 	at net.minecraft.server.v1_16_R2.MinecraftServer.lambda$0(MinecraftServer.java:164)
[17:22:56] [Server thread/WARN]: 	at java.lang.Thread.run(Unknown Source)
[17:22:56] [Server thread/INFO]: [WorldGuard] Enabling WorldGuard v7.0.4+f7ff984
[17:22:56] [Server thread/INFO]: [WorldGuard] (world) TNT ignition is PERMITTED.
[17:22:56] [Server thread/INFO]: [WorldGuard] (world) Lighters are PERMITTED.
[17:22:56] [Server thread/INFO]: [WorldGuard] (world) Lava fire is PERMITTED.
[17:22:56] [Server thread/INFO]: [WorldGuard] (world) Fire spread is UNRESTRICTED.
[17:22:56] [Server thread/INFO]: [WorldGuard] Loaded configuration for world 'world'
[17:22:56] [Server thread/INFO]: [WorldGuard] (world_nether) TNT ignition is PERMITTED.
[17:22:56] [Server thread/INFO]: [WorldGuard] (world_nether) Lighters are PERMITTED.
[17:22:56] [Server thread/INFO]: [WorldGuard] (world_nether) Lava fire is PERMITTED.
[17:22:56] [Server thread/INFO]: [WorldGuard] (world_nether) Fire spread is UNRESTRICTED.
[17:22:56] [Server thread/INFO]: [WorldGuard] Loaded configuration for world 'world_nether'
[17:22:56] [Server thread/INFO]: [WorldGuard] (world_the_end) TNT ignition is PERMITTED.
[17:22:56] [Server thread/INFO]: [WorldGuard] (world_the_end) Lighters are PERMITTED.
[17:22:56] [Server thread/INFO]: [WorldGuard] (world_the_end) Lava fire is PERMITTED.
[17:22:56] [Server thread/INFO]: [WorldGuard] (world_the_end) Fire spread is UNRESTRICTED.
[17:22:56] [Server thread/INFO]: [WorldGuard] Loaded configuration for world 'world_the_end'
[17:22:56] [Server thread/INFO]: [WorldGuard] Loading region data...
[17:22:56] [ForkJoinPool.commonPool-worker-3/ERROR]: [TwitchSync] No channels found
[17:22:56] [Server thread/INFO]: Server permissions file permissions.yml is empty, ignoring it
[17:22:57] [Server thread/INFO]: Y0N4N: [0;32;1mReload complete.[m
[17:22:57] [Server thread/WARN]: Can't keep up! Is the server overloaded? Running 5795ms or 115 ticks behind
[17:22:57] [Server thread/INFO]: [ViaVersion] ViaVersion detected server version: 1.16.3(753)
[17:22:57] [Server thread/INFO]: [ViaVersion] Shutting down mapping loader executor!
[17:22:57] [Craft Scheduler Thread - 7/INFO]: [0;33;1m[[0;32;22mSkinsRestorer[0;33;1m] [0;32;1m----------------------------------------------[m
[17:22:57] [Craft Scheduler Thread - 7/INFO]: [0;33;1m[[0;32;22mSkinsRestorer[0;33;1m] [0;32;1m    +===============+[m
[17:22:57] [Craft Scheduler Thread - 7/INFO]: [0;33;1m[[0;32;22mSkinsRestorer[0;33;1m] [0;32;1m    | SkinsRestorer |[m
[17:22:57] [Craft Scheduler Thread - 7/INFO]: [0;33;1m[[0;32;22mSkinsRestorer[0;33;1m] [0;32;1m    |---------------|[m
[17:22:57] [Craft Scheduler Thread - 7/INFO]: [0;33;1m[[0;32;22mSkinsRestorer[0;33;1m] [0;32;1m    |  [0;34;1m[4m[21mBukkit only[0;32;1m  |[m
[17:22:57] [Craft Scheduler Thread - 7/INFO]: [0;33;1m[[0;32;22mSkinsRestorer[0;33;1m] [0;32;1m    +===============+[m
[17:22:57] [Craft Scheduler Thread - 7/INFO]: [0;33;1m[[0;32;22mSkinsRestorer[0;33;1m] [0;32;1m----------------------------------------------[m
[17:22:57] [Craft Scheduler Thread - 7/INFO]: [0;33;1m[[0;32;22mSkinsRestorer[0;33;1m] [0;36;1m    Current version: [0;32;1m13.8.4[m
[17:22:57] [Craft Scheduler Thread - 7/INFO]: [0;33;1m[[0;32;22mSkinsRestorer[0;33;1m] [0;32;1m    This is the latest version![m
[17:22:57] [Craft Scheduler Thread - 7/INFO]: [0;33;1m[[0;32;22mSkinsRestorer[0;33;1m] [0;32;1m----------------------------------------------[m
[17:22:57] [Server thread/INFO]: §cYou must have a spawn set for ultraauth! Stand at your spawn and use /ultraauth setspawn!
[17:23:05] [User Authenticator #2/INFO]: UUID of player Y0N4N is 701744b1-7351-4be9-ba4c-4f601cd86a26
[17:23:05] [Server thread/INFO]: Disconnecting com.mojang.authlib.GameProfile@15bebca[id=701744b1-7351-4be9-ba4c-4f601cd86a26,name=Y0N4N,properties={textures=[com.mojang.authlib.properties.Property@3f9bec]},legacy=false] (/127.0.0.1:64499): §cPlease add the server in your server list! Please make sure the Server MOTD shows up before trying to login again!
[17:23:05] [Server thread/INFO]: com.mojang.authlib.GameProfile@15bebca[id=701744b1-7351-4be9-ba4c-4f601cd86a26,name=Y0N4N,properties={textures=[com.mojang.authlib.properties.Property@3f9bec]},legacy=false] (/127.0.0.1:64499) lost connection: §cPlease add the server in your server list! Please make sure the Server MOTD shows up before trying to login again!
[17:23:07] [Server thread/INFO]: §cYou must have a spawn set for ultraauth! Stand at your spawn and use /ultraauth setspawn!
[17:23:17] [Server thread/INFO]: §cYou must have a spawn set for ultraauth! Stand at your spawn and use /ultraauth setspawn!
[17:23:23] [User Authenticator #3/INFO]: UUID of player Y0N4N is 701744b1-7351-4be9-ba4c-4f601cd86a26
[17:23:24] [Server thread/WARN]: java.io.IOException: Server returned HTTP response code: 403 for URL: http://dev.bukkit.org/bukkit-plugins/ultraauth-aa/files.rss
[17:23:24] [Server thread/WARN]: 	at sun.net.www.protocol.http.HttpURLConnection.getInputStream0(Unknown Source)
[17:23:24] [Server thread/WARN]: 	at sun.net.www.protocol.http.HttpURLConnection.getInputStream(Unknown Source)
[17:23:24] [Server thread/WARN]: 	at ultraauth.main.update.UpdateChecker.updateNeeded(UpdateChecker.java:34)
[17:23:24] [Server thread/WARN]: 	at ultraauth.listeners.PlayerJoinListener.onPlayerJoin(PlayerJoinListener.java:33)
[17:23:24] [Server thread/WARN]: 	at sun.reflect.NativeMethodAccessorImpl.invoke0(Native Method)
[17:23:24] [Server thread/WARN]: 	at sun.reflect.NativeMethodAccessorImpl.invoke(Unknown Source)
[17:23:24] [Server thread/WARN]: 	at sun.reflect.DelegatingMethodAccessorImpl.invoke(Unknown Source)
[17:23:24] [Server thread/WARN]: 	at java.lang.reflect.Method.invoke(Unknown Source)
[17:23:24] [Server thread/WARN]: 	at org.bukkit.plugin.java.JavaPluginLoader$1.execute(JavaPluginLoader.java:315)
[17:23:24] [Server thread/WARN]: 	at org.bukkit.plugin.RegisteredListener.callEvent(RegisteredListener.java:70)
[17:23:24] [Server thread/WARN]: 	at org.bukkit.plugin.SimplePluginManager.fireEvent(SimplePluginManager.java:589)
[17:23:24] [Server thread/WARN]: 	at org.bukkit.plugin.SimplePluginManager.callEvent(SimplePluginManager.java:576)
[17:23:24] [Server thread/WARN]: 	at net.minecraft.server.v1_16_R2.PlayerList.a(PlayerList.java:200)
[17:23:24] [Server thread/WARN]: 	at net.minecraft.server.v1_16_R2.LoginListener.c(LoginListener.java:153)
[17:23:24] [Server thread/WARN]: 	at net.minecraft.server.v1_16_R2.LoginListener.tick(LoginListener.java:52)
[17:23:24] [Server thread/WARN]: 	at net.minecraft.server.v1_16_R2.NetworkManager.a(NetworkManager.java:219)
[17:23:24] [Server thread/WARN]: 	at net.minecraft.server.v1_16_R2.ServerConnection.c(ServerConnection.java:130)
[17:23:24] [Server thread/WARN]: 	at net.minecraft.server.v1_16_R2.MinecraftServer.b(MinecraftServer.java:1126)
[17:23:24] [Server thread/WARN]: 	at net.minecraft.server.v1_16_R2.DedicatedServer.b(DedicatedServer.java:349)
[17:23:24] [Server thread/WARN]: 	at net.minecraft.server.v1_16_R2.MinecraftServer.a(MinecraftServer.java:1007)
[17:23:24] [Server thread/WARN]: 	at net.minecraft.server.v1_16_R2.MinecraftServer.w(MinecraftServer.java:846)
[17:23:24] [Server thread/WARN]: 	at net.minecraft.server.v1_16_R2.MinecraftServer.lambda$0(MinecraftServer.java:164)
[17:23:24] [Server thread/WARN]: 	at java.lang.Thread.run(Unknown Source)
[17:23:24] [Server thread/INFO]: Y0N4N[/127.0.0.1:64504] logged in with entity id 599 at ([world]222.40537748276276, 66.0, 73.51924476518744)
[17:23:27] [Server thread/INFO]: §cYou must have a spawn set for ultraauth! Stand at your spawn and use /ultraauth setspawn!
[17:23:32] [Server thread/INFO]: Y0N4N issued server command: /ultraauth setspawn
[17:23:39] [Server thread/INFO]: Y0N4N issued server command: /plguins
[17:23:39] [Server thread/WARN]: Can't keep up! Is the server overloaded? Running 5093ms or 101 ticks behind
[17:23:44] [Server thread/INFO]: Y0N4N issued server command: /plugins
[17:23:49] [Server thread/INFO]: Y0N4N issued server command: /register Y0N4N
[17:23:56] [Server thread/INFO]: Y0N4N issued server command: /login Y0N4N
[17:23:56] [Server thread/INFO]: Y0N4N Has been authenticated!
[17:23:59] [Server thread/INFO]: Y0N4N lost connection: Disconnected
[17:23:59] [Server thread/INFO]: Y0N4N Has been un-authenticated!
[17:23:59] [Server thread/INFO]: Y0N4N left the game
[17:24:01] [User Authenticator #4/INFO]: UUID of player Y0N4N is 701744b1-7351-4be9-ba4c-4f601cd86a26
[17:24:01] [Server thread/WARN]: java.io.IOException: Server returned HTTP response code: 403 for URL: http://dev.bukkit.org/bukkit-plugins/ultraauth-aa/files.rss
[17:24:01] [Server thread/WARN]: 	at sun.net.www.protocol.http.HttpURLConnection.getInputStream0(Unknown Source)
[17:24:01] [Server thread/WARN]: 	at sun.net.www.protocol.http.HttpURLConnection.getInputStream(Unknown Source)
[17:24:01] [Server thread/WARN]: 	at ultraauth.main.update.UpdateChecker.updateNeeded(UpdateChecker.java:34)
[17:24:01] [Server thread/WARN]: 	at ultraauth.listeners.PlayerJoinListener.onPlayerJoin(PlayerJoinListener.java:33)
[17:24:01] [Server thread/WARN]: 	at sun.reflect.NativeMethodAccessorImpl.invoke0(Native Method)
[17:24:01] [Server thread/WARN]: 	at sun.reflect.NativeMethodAccessorImpl.invoke(Unknown Source)
[17:24:01] [Server thread/WARN]: 	at sun.reflect.DelegatingMethodAccessorImpl.invoke(Unknown Source)
[17:24:01] [Server thread/WARN]: 	at java.lang.reflect.Method.invoke(Unknown Source)
[17:24:01] [Server thread/WARN]: 	at org.bukkit.plugin.java.JavaPluginLoader$1.execute(JavaPluginLoader.java:315)
[17:24:01] [Server thread/WARN]: 	at org.bukkit.plugin.RegisteredListener.callEvent(RegisteredListener.java:70)
[17:24:01] [Server thread/WARN]: 	at org.bukkit.plugin.SimplePluginManager.fireEvent(SimplePluginManager.java:589)
[17:24:01] [Server thread/WARN]: 	at org.bukkit.plugin.SimplePluginManager.callEvent(SimplePluginManager.java:576)
[17:24:01] [Server thread/WARN]: 	at net.minecraft.server.v1_16_R2.PlayerList.a(PlayerList.java:200)
[17:24:01] [Server thread/WARN]: 	at net.minecraft.server.v1_16_R2.LoginListener.c(LoginListener.java:153)
[17:24:01] [Server thread/WARN]: 	at net.minecraft.server.v1_16_R2.LoginListener.tick(LoginListener.java:52)
[17:24:01] [Server thread/WARN]: 	at net.minecraft.server.v1_16_R2.NetworkManager.a(NetworkManager.java:219)
[17:24:01] [Server thread/WARN]: 	at net.minecraft.server.v1_16_R2.ServerConnection.c(ServerConnection.java:130)
[17:24:01] [Server thread/WARN]: 	at net.minecraft.server.v1_16_R2.MinecraftServer.b(MinecraftServer.java:1126)
[17:24:01] [Server thread/WARN]: 	at net.minecraft.server.v1_16_R2.DedicatedServer.b(DedicatedServer.java:349)
[17:24:01] [Server thread/WARN]: 	at net.minecraft.server.v1_16_R2.MinecraftServer.a(MinecraftServer.java:1007)
[17:24:01] [Server thread/WARN]: 	at net.minecraft.server.v1_16_R2.MinecraftServer.w(MinecraftServer.java:846)
[17:24:01] [Server thread/WARN]: 	at net.minecraft.server.v1_16_R2.MinecraftServer.lambda$0(MinecraftServer.java:164)
[17:24:01] [Server thread/WARN]: 	at java.lang.Thread.run(Unknown Source)
[17:24:01] [Server thread/INFO]: Y0N4N[/127.0.0.1:64512] logged in with entity id 640 at ([world]222.40537748276276, 66.0, 73.51924476518744)
[17:24:06] [Server thread/INFO]: Y0N4N issued server command: /login
[17:24:09] [Server thread/INFO]: Y0N4N issued server command: /login Y0N4N
[17:24:10] [Server thread/INFO]: Y0N4N Has been authenticated!
[17:24:15] [Server thread/INFO]: Y0N4N fell from a high place
[17:24:16] [Server thread/WARN]: Can't keep up! Is the server overloaded? Running 7603ms or 152 ticks behind
[17:24:20] [Server thread/INFO]: Y0N4N issued server command: /loginfast
[17:24:20] [Server thread/ERROR]: null
org.bukkit.command.CommandException: Cannot execute command 'loginfast' in plugin FastLogin v1.10-git484855724b794de1fe057cf7360245362658b432 - plugin is disabled.
	at org.bukkit.command.PluginCommand.execute(PluginCommand.java:37) ~[spigot-1.16.3.jar:git-Spigot-2740d5a-890130b]
	at org.bukkit.command.SimpleCommandMap.dispatch(SimpleCommandMap.java:149) ~[spigot-1.16.3.jar:git-Spigot-2740d5a-890130b]
	at org.bukkit.craftbukkit.v1_16_R2.CraftServer.dispatchCommand(CraftServer.java:758) ~[spigot-1.16.3.jar:git-Spigot-2740d5a-890130b]
	at net.minecraft.server.v1_16_R2.PlayerConnection.handleCommand(PlayerConnection.java:1697) ~[spigot-1.16.3.jar:git-Spigot-2740d5a-890130b]
	at net.minecraft.server.v1_16_R2.PlayerConnection.a(PlayerConnection.java:1540) ~[spigot-1.16.3.jar:git-Spigot-2740d5a-890130b]
	at net.minecraft.server.v1_16_R2.PacketPlayInChat.a(PacketPlayInChat.java:47) ~[spigot-1.16.3.jar:git-Spigot-2740d5a-890130b]
	at net.minecraft.server.v1_16_R2.PacketPlayInChat.a(PacketPlayInChat.java:1) ~[spigot-1.16.3.jar:git-Spigot-2740d5a-890130b]
	at net.minecraft.server.v1_16_R2.PlayerConnectionUtils.lambda$0(PlayerConnectionUtils.java:19) ~[spigot-1.16.3.jar:git-Spigot-2740d5a-890130b]
	at net.minecraft.server.v1_16_R2.TickTask.run(SourceFile:18) ~[spigot-1.16.3.jar:git-Spigot-2740d5a-890130b]
	at net.minecraft.server.v1_16_R2.IAsyncTaskHandler.executeTask(SourceFile:144) ~[spigot-1.16.3.jar:git-Spigot-2740d5a-890130b]
	at net.minecraft.server.v1_16_R2.IAsyncTaskHandlerReentrant.executeTask(SourceFile:23) ~[spigot-1.16.3.jar:git-Spigot-2740d5a-890130b]
	at net.minecraft.server.v1_16_R2.IAsyncTaskHandler.executeNext(SourceFile:118) ~[spigot-1.16.3.jar:git-Spigot-2740d5a-890130b]
	at net.minecraft.server.v1_16_R2.MinecraftServer.ba(MinecraftServer.java:941) ~[spigot-1.16.3.jar:git-Spigot-2740d5a-890130b]
	at net.minecraft.server.v1_16_R2.MinecraftServer.executeNext(MinecraftServer.java:934) ~[spigot-1.16.3.jar:git-Spigot-2740d5a-890130b]
	at net.minecraft.server.v1_16_R2.IAsyncTaskHandler.awaitTasks(SourceFile:127) ~[spigot-1.16.3.jar:git-Spigot-2740d5a-890130b]
	at net.minecraft.server.v1_16_R2.MinecraftServer.sleepForTick(MinecraftServer.java:918) ~[spigot-1.16.3.jar:git-Spigot-2740d5a-890130b]
	at net.minecraft.server.v1_16_R2.MinecraftServer.w(MinecraftServer.java:850) ~[spigot-1.16.3.jar:git-Spigot-2740d5a-890130b]
	at net.minecraft.server.v1_16_R2.MinecraftServer.lambda$0(MinecraftServer.java:164) ~[spigot-1.16.3.jar:git-Spigot-2740d5a-890130b]
	at java.lang.Thread.run(Unknown Source) [?:1.8.0_221]
[17:27:54] [Server thread/INFO]: Y0N4N was slain by Zombie
[17:31:45] [Server thread/INFO]: Y0N4N issued server command: /plugins
[17:32:25] [Server thread/INFO]: Y0N4N was slain by Spider
[17:36:11] [Server thread/INFO]: Y0N4N lost connection: Disconnected
[17:36:11] [Server thread/INFO]: Y0N4N Has been un-authenticated!
[17:36:11] [Server thread/INFO]: Y0N4N left the game
[17:36:12] [User Authenticator #5/INFO]: UUID of player Y0N4N is 701744b1-7351-4be9-ba4c-4f601cd86a26
[17:36:13] [Server thread/WARN]: java.io.IOException: Server returned HTTP response code: 403 for URL: http://dev.bukkit.org/bukkit-plugins/ultraauth-aa/files.rss
[17:36:13] [Server thread/WARN]: 	at sun.net.www.protocol.http.HttpURLConnection.getInputStream0(Unknown Source)
[17:36:13] [Server thread/WARN]: 	at sun.net.www.protocol.http.HttpURLConnection.getInputStream(Unknown Source)
[17:36:13] [Server thread/WARN]: 	at ultraauth.main.update.UpdateChecker.updateNeeded(UpdateChecker.java:34)
[17:36:13] [Server thread/WARN]: 	at ultraauth.listeners.PlayerJoinListener.onPlayerJoin(PlayerJoinListener.java:33)
[17:36:13] [Server thread/WARN]: 	at sun.reflect.NativeMethodAccessorImpl.invoke0(Native Method)
[17:36:13] [Server thread/WARN]: 	at sun.reflect.NativeMethodAccessorImpl.invoke(Unknown Source)
[17:36:13] [Server thread/WARN]: 	at sun.reflect.DelegatingMethodAccessorImpl.invoke(Unknown Source)
[17:36:13] [Server thread/WARN]: 	at java.lang.reflect.Method.invoke(Unknown Source)
[17:36:13] [Server thread/WARN]: 	at org.bukkit.plugin.java.JavaPluginLoader$1.execute(JavaPluginLoader.java:315)
[17:36:13] [Server thread/WARN]: 	at org.bukkit.plugin.RegisteredListener.callEvent(RegisteredListener.java:70)
[17:36:13] [Server thread/WARN]: 	at org.bukkit.plugin.SimplePluginManager.fireEvent(SimplePluginManager.java:589)
[17:36:13] [Server thread/WARN]: 	at org.bukkit.plugin.SimplePluginManager.callEvent(SimplePluginManager.java:576)
[17:36:13] [Server thread/WARN]: 	at net.minecraft.server.v1_16_R2.PlayerList.a(PlayerList.java:200)
[17:36:13] [Server thread/WARN]: 	at net.minecraft.server.v1_16_R2.LoginListener.c(LoginListener.java:153)
[17:36:13] [Server thread/WARN]: 	at net.minecraft.server.v1_16_R2.LoginListener.tick(LoginListener.java:52)
[17:36:13] [Server thread/WARN]: 	at net.minecraft.server.v1_16_R2.NetworkManager.a(NetworkManager.java:219)
[17:36:13] [Server thread/WARN]: 	at net.minecraft.server.v1_16_R2.ServerConnection.c(ServerConnection.java:130)
[17:36:13] [Server thread/WARN]: 	at net.minecraft.server.v1_16_R2.MinecraftServer.b(MinecraftServer.java:1126)
[17:36:13] [Server thread/WARN]: 	at net.minecraft.server.v1_16_R2.DedicatedServer.b(DedicatedServer.java:349)
[17:36:13] [Server thread/WARN]: 	at net.minecraft.server.v1_16_R2.MinecraftServer.a(MinecraftServer.java:1007)
[17:36:13] [Server thread/WARN]: 	at net.minecraft.server.v1_16_R2.MinecraftServer.w(MinecraftServer.java:846)
[17:36:13] [Server thread/WARN]: 	at net.minecraft.server.v1_16_R2.MinecraftServer.lambda$0(MinecraftServer.java:164)
[17:36:13] [Server thread/WARN]: 	at java.lang.Thread.run(Unknown Source)
[17:36:13] [Server thread/INFO]: Y0N4N[/127.0.0.1:64587] logged in with entity id 1246 at ([world]222.40537748276276, 66.0, 73.51924476518744)
[17:36:18] [Server thread/INFO]: Y0N4N issued server command: /login yq
[17:36:18] [Server thread/INFO]: Y0N4N lost connection: Invalid password!
[17:36:19] [Server thread/INFO]: Y0N4N left the game
[17:36:22] [User Authenticator #6/INFO]: UUID of player Y0N4N is 701744b1-7351-4be9-ba4c-4f601cd86a26
[17:36:22] [Server thread/WARN]: java.io.IOException: Server returned HTTP response code: 403 for URL: http://dev.bukkit.org/bukkit-plugins/ultraauth-aa/files.rss
[17:36:22] [Server thread/WARN]: 	at sun.net.www.protocol.http.HttpURLConnection.getInputStream0(Unknown Source)
[17:36:22] [Server thread/WARN]: 	at sun.net.www.protocol.http.HttpURLConnection.getInputStream(Unknown Source)
[17:36:22] [Server thread/WARN]: 	at ultraauth.main.update.UpdateChecker.updateNeeded(UpdateChecker.java:34)
[17:36:22] [Server thread/WARN]: 	at ultraauth.listeners.PlayerJoinListener.onPlayerJoin(PlayerJoinListener.java:33)
[17:36:22] [Server thread/WARN]: 	at sun.reflect.NativeMethodAccessorImpl.invoke0(Native Method)
[17:36:22] [Server thread/WARN]: 	at sun.reflect.NativeMethodAccessorImpl.invoke(Unknown Source)
[17:36:22] [Server thread/WARN]: 	at sun.reflect.DelegatingMethodAccessorImpl.invoke(Unknown Source)
[17:36:22] [Server thread/WARN]: 	at java.lang.reflect.Method.invoke(Unknown Source)
[17:36:22] [Server thread/WARN]: 	at org.bukkit.plugin.java.JavaPluginLoader$1.execute(JavaPluginLoader.java:315)
[17:36:22] [Server thread/WARN]: 	at org.bukkit.plugin.RegisteredListener.callEvent(RegisteredListener.java:70)
[17:36:22] [Server thread/WARN]: 	at org.bukkit.plugin.SimplePluginManager.fireEvent(SimplePluginManager.java:589)
[17:36:22] [Server thread/WARN]: 	at org.bukkit.plugin.SimplePluginManager.callEvent(SimplePluginManager.java:576)
[17:36:22] [Server thread/WARN]: 	at net.minecraft.server.v1_16_R2.PlayerList.a(PlayerList.java:200)
[17:36:22] [Server thread/WARN]: 	at net.minecraft.server.v1_16_R2.LoginListener.c(LoginListener.java:153)
[17:36:22] [Server thread/WARN]: 	at net.minecraft.server.v1_16_R2.LoginListener.tick(LoginListener.java:52)
[17:36:22] [Server thread/WARN]: 	at net.minecraft.server.v1_16_R2.NetworkManager.a(NetworkManager.java:219)
[17:36:22] [Server thread/WARN]: 	at net.minecraft.server.v1_16_R2.ServerConnection.c(ServerConnection.java:130)
[17:36:22] [Server thread/WARN]: 	at net.minecraft.server.v1_16_R2.MinecraftServer.b(MinecraftServer.java:1126)
[17:36:22] [Server thread/WARN]: 	at net.minecraft.server.v1_16_R2.DedicatedServer.b(DedicatedServer.java:349)
[17:36:22] [Server thread/WARN]: 	at net.minecraft.server.v1_16_R2.MinecraftServer.a(MinecraftServer.java:1007)
[17:36:22] [Server thread/WARN]: 	at net.minecraft.server.v1_16_R2.MinecraftServer.w(MinecraftServer.java:846)
[17:36:22] [Server thread/WARN]: 	at net.minecraft.server.v1_16_R2.MinecraftServer.lambda$0(MinecraftServer.java:164)
[17:36:22] [Server thread/WARN]: 	at java.lang.Thread.run(Unknown Source)
[17:36:22] [Server thread/INFO]: Y0N4N[/127.0.0.1:64593] logged in with entity id 1248 at ([world]222.40537748276276, 66.0, 73.51924476518744)
[17:36:26] [Server thread/INFO]: Y0N4N issued server command: /login Y0N4N
[17:36:26] [Server thread/INFO]: Y0N4N Has been authenticated!
[17:36:43] [Server thread/INFO]: Y0N4N issued server command: /gamemode 1
[17:36:47] [Server thread/INFO]: Y0N4N issued server command: /gamemode creative
[17:36:47] [Server thread/INFO]: [Y0N4N: Set own game mode to Creative Mode]
[17:36:54] [Server thread/INFO]: Y0N4N issued server command: /tp 100 100 100
[17:36:54] [Server thread/INFO]: [Y0N4N: Teleported Y0N4N to 100.5, 100.0, 100.5]
[17:36:54] [Server thread/WARN]: Y0N4N moved too quickly! -119.19258077478821,-884231.8438526815,40.69726119827348
[17:37:01] [Server thread/INFO]: Y0N4N issued server command: /kill
[17:37:01] [Server thread/INFO]: Y0N4N fell out of the world
[17:37:01] [Server thread/INFO]: [Y0N4N: Killed Y0N4N]
[17:37:13] [Server thread/INFO]: Y0N4N issued server command: /plguins
[17:37:15] [Server thread/INFO]: Y0N4N issued server command: /plugins
[17:37:26] [Server thread/INFO]: Stopping the server
[17:37:26] [Server thread/INFO]: Stopping server
[17:37:26] [Server thread/INFO]: [WorldGuard] Disabling WorldGuard v7.0.4+f7ff984
[17:37:26] [Server thread/INFO]: [WorldGuard] Shutting down executor and cancelling any pending tasks...
[17:37:26] [Server thread/INFO]: [ProtocolLib] Disabling ProtocolLib v4.5.1
[17:37:26] [Server thread/INFO]: [UltraAuth] Disabling UltraAuth v2.1.2
[17:37:26] [Server thread/INFO]: [TwitchSync] Disabling TwitchSync v1.4.2
[17:37:26] [Server thread/INFO]: [ViaVersion] Disabling ViaVersion v3.2.0
[17:37:26] [Server thread/INFO]: [ViaVersion] ViaVersion is disabling, if this is a reload and you experience issues consider rebooting.
[17:37:26] [Server thread/INFO]: [WorldEdit] Disabling WorldEdit v7.2.0+a51fa43
[17:37:26] [Server thread/INFO]: Unregistering com.sk89q.worldedit.bukkit.BukkitServerInterface from WorldEdit
[17:37:26] [Server thread/INFO]: [SkinsRestorer] Disabling SkinsRestorer v13.8.4
[17:37:26] [Server thread/INFO]: [LuckPerms] Disabling LuckPerms v5.1.93
[17:37:26] [Server thread/INFO]: [LuckPerms] Starting shutdown process...
[17:37:26] [Server thread/INFO]: [LuckPerms] Closing storage...
[17:37:26] [Server thread/INFO]: [LuckPerms] Goodbye!
[17:37:26] [Server thread/INFO]: Saving players
[17:37:26] [Server thread/INFO]: Y0N4N lost connection: Server closed
[17:37:26] [Server thread/INFO]: Y0N4N left the game
[17:37:26] [Server thread/INFO]: Saving worlds
[17:37:26] [Server thread/INFO]: Saving chunks for level 'ServerLevel[world]'/minecraft:overworld
[17:37:27] [Server thread/INFO]: ThreadedAnvilChunkStorage (world): All chunks are saved
[17:37:27] [Server thread/INFO]: Saving chunks for level 'ServerLevel[world_nether]'/minecraft:the_nether
[17:37:27] [Server thread/INFO]: ThreadedAnvilChunkStorage (DIM-1): All chunks are saved
[17:37:27] [Server thread/INFO]: Saving chunks for level 'ServerLevel[world_the_end]'/minecraft:the_end
[17:37:27] [Server thread/INFO]: ThreadedAnvilChunkStorage (DIM1): All chunks are saved
[17:37:27] [Server thread/INFO]: ThreadedAnvilChunkStorage (world): All chunks are saved
[17:37:27] [Server thread/INFO]: ThreadedAnvilChunkStorage (DIM-1): All chunks are saved
[17:37:27] [Server thread/INFO]: ThreadedAnvilChunkStorage (DIM1): All chunks are saved
